<?xml version="1.0" encoding="UTF-8"?>
<testng-results ignored="0" total="1" passed="1" failed="0" skipped="0">
  <reporter-output>
  </reporter-output>
  <suite started-at="2023-12-17T22:16:19 IST" name="Default suite" finished-at="2023-12-17T22:16:20 IST" duration-ms="434">
    <groups>
    </groups>
    <test started-at="2023-12-17T22:16:19 IST" name="Default test" finished-at="2023-12-17T22:16:20 IST" duration-ms="434">
      <class name="TestNG">
        <test-method signature="Demo()[pri:0, instance:TestNG@316bcf94]" started-at="2023-12-17T22:16:20 IST" name="Demo" finished-at="2023-12-17T22:16:20 IST" duration-ms="16" status="PASS">
          <reporter-output>
          </reporter-output>
        </test-method> <!-- Demo -->
      </class> <!-- TestNG -->
    </test> <!-- Default test -->
  </suite> <!-- Default suite -->
</testng-results>
